2014/01/17 0:38:08 にビルドを開始しました。
     1>ノード 2 上のプロジェクト "c:\Users\RYO\documents\visual studio 2010\Projects\nagi3\nagi3\nagi3.vcxproj" (build ターゲット)。
     1>InitializeBuildStatus:
         "AlwaysCreate" が指定されたため "Debug\nagi3.unsuccessfulbuild" を作成しています。
       ClCompile:
         c:\Program Files\Microsoft Visual Studio 10.0\VC\bin\CL.exe /c /ZI /nologo /W3 /WX- /Od /Oy- /D _MBCS /Gm /EHsc /RTC1 /MDd /GS /fp:precise /Zc:wchar_t /Zc:forScope /Fo"Debug\\" /Fd"Debug\vc100.pdb" /Gd /TP /analyze- /errorReport:prompt "7-2unk.cpp"
         7-2unk.cpp
     1>c:\users\ryo\documents\visual studio 2010\projects\nagi3\nagi3\7-2unk.cpp(13): warning C4996: 'scanf': This function or variable may be unsafe. Consider using scanf_s instead. To disable deprecation, use _CRT_SECURE_NO_WARNINGS. See online help for details.
                 c:\program files\microsoft visual studio 10.0\vc\include\stdio.h(304) : 'scanf' の宣言を確認してください。
     1>c:\users\ryo\documents\visual studio 2010\projects\nagi3\nagi3\7-2unk.cpp(28): warning C4996: 'scanf': This function or variable may be unsafe. Consider using scanf_s instead. To disable deprecation, use _CRT_SECURE_NO_WARNINGS. See online help for details.
                 c:\program files\microsoft visual studio 10.0\vc\include\stdio.h(304) : 'scanf' の宣言を確認してください。
       Link:
         c:\Program Files\Microsoft Visual Studio 10.0\VC\bin\link.exe /ERRORREPORT:PROMPT /OUT:"c:\users\ryo\documents\visual studio 2010\Projects\nagi3\Debug\nagi3.exe" /NOLOGO kernel32.lib user32.lib gdi32.lib winspool.lib comdlg32.lib advapi32.lib shell32.lib ole32.lib oleaut32.lib uuid.lib odbc32.lib odbccp32.lib /MANIFEST /ManifestFile:"Debug\nagi3.exe.intermediate.manifest" /MANIFESTUAC:"level='asInvoker' uiAccess='false'" /DEBUG /PDB:"c:\users\ryo\documents\visual studio 2010\Projects\nagi3\Debug\nagi3.pdb" /TLBID:1 /DYNAMICBASE /NXCOMPAT /IMPLIB:"c:\users\ryo\documents\visual studio 2010\Projects\nagi3\Debug\nagi3.lib" /MACHINE:X86 "Debug\7-2unk.obj"
         LINK : 前回のインクリメンタル リンクで c:\users\ryo\documents\visual studio 2010\Projects\nagi3\Debug\nagi3.exe が見つからなかったか、ビルドされませんでした。フル リンクを行います。
         nagi3.vcxproj -> c:\users\ryo\documents\visual studio 2010\Projects\nagi3\Debug\nagi3.exe
       Manifest:
         C:\Program Files\Microsoft SDKs\Windows\v7.0A\bin\mt.exe /nologo /verbose /outputresource:"c:\users\ryo\documents\visual studio 2010\Projects\nagi3\Debug\nagi3.exe;#1" /manifest Debug\nagi3.exe.intermediate.manifest
       FinalizeBuildStatus:
         ファイル "Debug\nagi3.unsuccessfulbuild" を削除しています。
         "Debug\nagi3.lastbuildstate" のタッチ タスクを実行しています。
     1>プロジェクト "c:\Users\RYO\documents\visual studio 2010\Projects\nagi3\nagi3\nagi3.vcxproj" (build ターゲット) のビルドが完了しました。

ビルドに成功しました。

経過時間 00:00:01.00
